0 info it worked if it ends with ok
1 verbose cli [ '/usr/local/bin/node', '/usr/local/bin/npm', 'start' ]
2 info using npm@4.0.3
3 info using node@v7.2.1
4 verbose run-script [ 'prestart', 'start', 'poststart' ]
5 info lifecycle Ionic2-MeteorCLI-WhatsApp@~prestart: Ionic2-MeteorCLI-WhatsApp@
6 silly lifecycle Ionic2-MeteorCLI-WhatsApp@~prestart: no script for prestart, continuing
7 info lifecycle Ionic2-MeteorCLI-WhatsApp@~start: Ionic2-MeteorCLI-WhatsApp@
8 verbose lifecycle Ionic2-MeteorCLI-WhatsApp@~start: unsafe-perm in lifecycle true
9 verbose lifecycle Ionic2-MeteorCLI-WhatsApp@~start: PATH: /usr/local/lib/node_modules/npm/bin/node-gyp-bin:/home/eytan/Workspace/Ionic2-MeteorCLI-WhatsApp/node_modules/.bin:/home/eytan/bin:/home/eytan/.local/bin:/usr/local/sbin:/usr/local/bin:/usr/sbin:/usr/bin:/sbin:/bin:/usr/games:/usr/local/games:/snap/bin:/usr/local/android-sdk/tools:/usr/local/android-sdk/platform-tools:/usr/lib/jvm/java-8-openjdk-amd64/bin
10 verbose lifecycle Ionic2-MeteorCLI-WhatsApp@~start: CWD: /home/eytan/Workspace/Ionic2-MeteorCLI-WhatsApp
11 silly lifecycle Ionic2-MeteorCLI-WhatsApp@~start: Args: [ '-c', 'meteor run' ]
12 silly lifecycle Ionic2-MeteorCLI-WhatsApp@~start: Returned: code: 1  signal: null
13 info lifecycle Ionic2-MeteorCLI-WhatsApp@~start: Failed to exec start script
14 verbose stack Error: Ionic2-MeteorCLI-WhatsApp@ start: `meteor run`
14 verbose stack Exit status 1
14 verbose stack     at EventEmitter.<anonymous> (/usr/local/lib/node_modules/npm/lib/utils/lifecycle.js:279:16)
14 verbose stack     at emitTwo (events.js:106:13)
14 verbose stack     at EventEmitter.emit (events.js:191:7)
14 verbose stack     at ChildProcess.<anonymous> (/usr/local/lib/node_modules/npm/lib/utils/spawn.js:40:14)
14 verbose stack     at emitTwo (events.js:106:13)
14 verbose stack     at ChildProcess.emit (events.js:191:7)
14 verbose stack     at maybeClose (internal/child_process.js:885:16)
14 verbose stack     at Process.ChildProcess._handle.onexit (internal/child_process.js:226:5)
15 verbose pkgid Ionic2-MeteorCLI-WhatsApp@
16 verbose cwd /home/eytan/Workspace/Ionic2-MeteorCLI-WhatsApp/client
17 error Linux 4.4.0-59-generic
18 error argv "/usr/local/bin/node" "/usr/local/bin/npm" "start"
19 error node v7.2.1
20 error npm  v4.0.3
21 error code ELIFECYCLE
22 error Ionic2-MeteorCLI-WhatsApp@ start: `meteor run`
22 error Exit status 1
23 error Failed at the Ionic2-MeteorCLI-WhatsApp@ start script 'meteor run'.
23 error Make sure you have the latest version of node.js and npm installed.
23 error If you do, this is most likely a problem with the Ionic2-MeteorCLI-WhatsApp package,
23 error not with npm itself.
23 error Tell the author that this fails on your system:
23 error     meteor run
23 error You can get information on how to open an issue for this project with:
23 error     npm bugs Ionic2-MeteorCLI-WhatsApp
23 error Or if that isn't available, you can get their info via:
23 error     npm owner ls Ionic2-MeteorCLI-WhatsApp
23 error There is likely additional logging output above.
24 verbose exit [ 1, true ]
